# JRE version: Java(TM) SE Runtime Environment (8.0_51-b16) (build 1.8.0_51-b16)
# Java VM: Java HotSpot(TM) 64-Bit Server VM (25.51-b03 mixed mode windows-amd64 compressed oops)
Heap:
 PSYoungGen      total 288768K, used 53509K [0x00000000d5580000, 0x00000000e8680000, 0x0000000100000000)
  eden space 266240K, 20% used [0x00000000d5580000,0x00000000d89c1708,0x00000000e5980000)
  from space 22528K, 0% used [0x00000000e7080000,0x00000000e7080000,0x00000000e8680000)
  to   space 23040K, 0% used [0x00000000e5980000,0x00000000e5980000,0x00000000e7000000)
 ParOldGen       total 68096K, used 7757K [0x0000000080000000, 0x0000000084280000, 0x00000000d5580000)
  object space 68096K, 11% used [0x0000000080000000,0x0000000080793420,0x0000000084280000)
 Metaspace       used 23877K, capacity 24479K, committed 24576K, reserved 1071104K
  class space    used 2847K, capacity 3026K, committed 3072K, reserved 1048576K
GC Heap History (10 events):
Event: 1.953 GC heap before
{Heap before GC invocations=3 (full 0):
 PSYoungGen      total 71680K, used 71655K [0x00000000d5580000, 0x00000000da080000, 0x0000000100000000)
  eden space 66560K, 100% used [0x00000000d5580000,0x00000000d9680000,0x00000000d9680000)
  from space 5120K, 99% used [0x00000000d9b80000,0x00000000da079c40,0x00000000da080000)
  to   space 5120K, 0% used [0x00000000d9680000,0x00000000d9680000,0x00000000d9b80000)
 ParOldGen       total 87552K, used 1431K [0x0000000080000000, 0x0000000085580000, 0x00000000d5580000)
  object space 87552K, 1% used [0x0000000080000000,0x0000000080165cc0,0x0000000085580000)
 Metaspace       used 8186K, capacity 8330K, committed 8576K, reserved 1056768K
  class space    used 1002K, capacity 1069K, committed 1152K, reserved 1048576K
Event: 1.974 GC heap after
Heap after GC invocations=3 (full 0):
 PSYoungGen      total 71680K, used 5115K [0x00000000d5580000, 0x00000000de180000, 0x0000000100000000)
  eden space 66560K, 0% used [0x00000000d5580000,0x00000000d5580000,0x00000000d9680000)
  from space 5120K, 99% used [0x00000000d9680000,0x00000000d9b7ec18,0x00000000d9b80000)
  to   space 5120K, 0% used [0x00000000ddc80000,0x00000000ddc80000,0x00000000de180000)
 ParOldGen       total 87552K, used 8716K [0x0000000080000000, 0x0000000085580000, 0x00000000d5580000)
  object space 87552K, 9% used [0x0000000080000000,0x0000000080883200,0x0000000085580000)
 Metaspace       used 8186K, capacity 8330K, committed 8576K, reserved 1056768K
  class space    used 1002K, capacity 1069K, committed 1152K, reserved 1048576K
}
Event: 2.331 GC heap before
{Heap before GC invocations=4 (full 0):
 PSYoungGen      total 71680K, used 71675K [0x00000000d5580000, 0x00000000de180000, 0x0000000100000000)
  eden space 66560K, 100% used [0x00000000d5580000,0x00000000d9680000,0x00000000d9680000)
  from space 5120K, 99% used [0x00000000d9680000,0x00000000d9b7ec18,0x00000000d9b80000)
  to   space 5120K, 0% used [0x00000000ddc80000,0x00000000ddc80000,0x00000000de180000)
 ParOldGen       total 87552K, used 8716K [0x0000000080000000, 0x0000000085580000, 0x00000000d5580000)
  object space 87552K, 9% used [0x0000000080000000,0x0000000080883200,0x0000000085580000)
 Metaspace       used 8193K, capacity 8330K, committed 8576K, reserved 1056768K
  class space    used 1002K, capacity 1069K, committed 1152K, reserved 1048576K
Event: 2.350 GC heap after
Heap after GC invocations=4 (full 0):
 PSYoungGen      total 138240K, used 5106K [0x00000000d5580000, 0x00000000de180000, 0x0000000100000000)
  eden space 133120K, 0% used [0x00000000d5580000,0x00000000d5580000,0x00000000dd780000)
  from space 5120K, 99% used [0x00000000ddc80000,0x00000000de17caa0,0x00000000de180000)
  to   space 5120K, 0% used [0x00000000dd780000,0x00000000dd780000,0x00000000ddc80000)
 ParOldGen       total 87552K, used 15546K [0x0000000080000000, 0x0000000085580000, 0x00000000d5580000)
  object space 87552K, 17% used [0x0000000080000000,0x0000000080f2ebf8,0x0000000085580000)
 Metaspace       used 8193K, capacity 8330K, committed 8576K, reserved 1056768K
  class space    used 1002K, capacity 1069K, committed 1152K, reserved 1048576K
}
Event: 4.801 GC heap before
{Heap before GC invocations=5 (full 0):
 PSYoungGen      total 138240K, used 138226K [0x00000000d5580000, 0x00000000de180000, 0x0000000100000000)
  eden space 133120K, 100% used [0x00000000d5580000,0x00000000dd780000,0x00000000dd780000)
  from space 5120K, 99% used [0x00000000ddc80000,0x00000000de17caa0,0x00000000de180000)
  to   space 5120K, 0% used [0x00000000dd780000,0x00000000dd780000,0x00000000ddc80000)
 ParOldGen       total 87552K, used 15546K [0x0000000080000000, 0x0000000085580000, 0x00000000d5580000)
  object space 87552K, 17% used [0x0000000080000000,0x0000000080f2ebf8,0x0000000085580000)
 Metaspace       used 16913K, capacity 17294K, committed 17408K, reserved 1064960K
  class space    used 1926K, capacity 2043K, committed 2048K, reserved 1048576K
Event: 4.840 GC heap after
Heap after GC invocations=5 (full 0):
 PSYoungGen      total 138240K, used 5100K [0x00000000d5580000, 0x00000000e8780000, 0x0000000100000000)
  eden space 133120K, 0% used [0x00000000d5580000,0x00000000d5580000,0x00000000dd780000)
  from space 5120K, 99% used [0x00000000dd780000,0x00000000ddc7b3c0,0x00000000ddc80000)
  to   space 23552K, 0% used [0x00000000e7080000,0x00000000e7080000,0x00000000e8780000)
 ParOldGen       total 87552K, used 33405K [0x0000000080000000, 0x0000000085580000, 0x00000000d5580000)
  object space 87552K, 38% used [0x0000000080000000,0x000000008209f5f0,0x0000000085580000)
 Metaspace       used 16913K, capacity 17294K, committed 17408K, reserved 1064960K
  class space    used 1926K, capacity 2043K, committed 2048K, reserved 1048576K
}
Event: 5.915 GC heap before
{Heap before GC invocations=6 (full 0):
 PSYoungGen      total 138240K, used 34640K [0x00000000d5580000, 0x00000000e8780000, 0x0000000100000000)
  eden space 133120K, 22% used [0x00000000d5580000,0x00000000d7258ea0,0x00000000dd780000)
  from space 5120K, 99% used [0x00000000dd780000,0x00000000ddc7b3c0,0x00000000ddc80000)
  to   space 23552K, 0% used [0x00000000e7080000,0x00000000e7080000,0x00000000e8780000)
 ParOldGen       total 87552K, used 33405K [0x0000000080000000, 0x0000000085580000, 0x00000000d5580000)
  object space 87552K, 38% used [0x0000000080000000,0x000000008209f5f0,0x0000000085580000)
 Metaspace       used 20794K, capacity 21241K, committed 21296K, reserved 1069056K
  class space    used 2409K, capacity 2560K, committed 2560K, reserved 1048576K
Event: 5.928 GC heap after
Heap after GC invocations=6 (full 0):
 PSYoungGen      total 288768K, used 7630K [0x00000000d5580000, 0x00000000e8680000, 0x0000000100000000)
  eden space 266240K, 0% used [0x00000000d5580000,0x00000000d5580000,0x00000000e5980000)
  from space 22528K, 33% used [0x00000000e7080000,0x00000000e77f3928,0x00000000e8680000)
  to   space 23040K, 0% used [0x00000000e5980000,0x00000000e5980000,0x00000000e7000000)
 ParOldGen       total 87552K, used 33413K [0x0000000080000000, 0x0000000085580000, 0x00000000d5580000)
  object space 87552K, 38% used [0x0000000080000000,0x00000000820a15f0,0x0000000085580000)
 Metaspace       used 20794K, capacity 21241K, committed 21296K, reserved 1069056K
  class space    used 2409K, capacity 2560K, committed 2560K, reserved 1048576K
}
Event: 5.928 GC heap before
{Heap before GC invocations=7 (full 1):
 PSYoungGen      total 288768K, used 7630K [0x00000000d5580000, 0x00000000e8680000, 0x0000000100000000)
  eden space 266240K, 0% used [0x00000000d5580000,0x00000000d5580000,0x00000000e5980000)
  from space 22528K, 33% used [0x00000000e7080000,0x00000000e77f3928,0x00000000e8680000)
  to   space 23040K, 0% used [0x00000000e5980000,0x00000000e5980000,0x00000000e7000000)
 ParOldGen       total 87552K, used 33413K [0x0000000080000000, 0x0000000085580000, 0x00000000d5580000)
  object space 87552K, 38% used [0x0000000080000000,0x00000000820a15f0,0x0000000085580000)
 Metaspace       used 20794K, capacity 21241K, committed 21296K, reserved 1069056K
  class space    used 2409K, capacity 2560K, committed 2560K, reserved 1048576K
Event: 5.979 GC heap after
Heap after GC invocations=7 (full 1):
 PSYoungGen      total 288768K, used 0K [0x00000000d5580000, 0x00000000e8680000, 0x0000000100000000)
  eden space 266240K, 0% used [0x00000000d5580000,0x00000000d5580000,0x00000000e5980000)
  from space 22528K, 0% used [0x00000000e7080000,0x00000000e7080000,0x00000000e8680000)
  to   space 23040K, 0% used [0x00000000e5980000,0x00000000e5980000,0x00000000e7000000)
 ParOldGen       total 68096K, used 7757K [0x0000000080000000, 0x0000000084280000, 0x00000000d5580000)
  object space 68096K, 11% used [0x0000000080000000,0x0000000080793420,0x0000000084280000)
 Metaspace       used 20793K, capacity 21239K, committed 21296K, reserved 1069056K
  class space    used 2408K, capacity 2559K, committed 2560K, reserved 1048576K
}

